<?xml version="1.0" encoding="UTF-8"?>
<testsuite xmlns:xsi="http://www.w3.org/2001/XMLSchema-instance" xsi:noNamespaceSchemaLocation="https://maven.apache.org/surefire/maven-surefire-plugin/xsd/surefire-test-report.xsd" name="com.webcheckers.model.BoardViewDemoModeTest" time="0.055" tests="8" errors="0" skipped="0" failures="7">
  <properties>
    <property name="java.specification.version" value="15"/>
    <property name="sun.jnu.encoding" value="UTF-8"/>
    <property name="java.class.path" value="/Users/jessezhao/Documents/SWEN/team-project-team-2-fanta/target/test-classes:/Users/jessezhao/Documents/SWEN/team-project-team-2-fanta/target/classes:/Users/jessezhao/.m2/repository/com/sparkjava/spark-core/2.7.2/spark-core-2.7.2.jar:/Users/jessezhao/.m2/repository/org/slf4j/slf4j-api/1.7.13/slf4j-api-1.7.13.jar:/Users/jessezhao/.m2/repository/org/eclipse/jetty/jetty-server/9.4.8.v20171121/jetty-server-9.4.8.v20171121.jar:/Users/jessezhao/.m2/repository/javax/servlet/javax.servlet-api/3.1.0/javax.servlet-api-3.1.0.jar:/Users/jessezhao/.m2/repository/org/eclipse/jetty/jetty-http/9.4.8.v20171121/jetty-http-9.4.8.v20171121.jar:/Users/jessezhao/.m2/repository/org/eclipse/jetty/jetty-util/9.4.8.v20171121/jetty-util-9.4.8.v20171121.jar:/Users/jessezhao/.m2/repository/org/eclipse/jetty/jetty-io/9.4.8.v20171121/jetty-io-9.4.8.v20171121.jar:/Users/jessezhao/.m2/repository/org/eclipse/jetty/jetty-webapp/9.4.8.v20171121/jetty-webapp-9.4.8.v20171121.jar:/Users/jessezhao/.m2/repository/org/eclipse/jetty/jetty-xml/9.4.8.v20171121/jetty-xml-9.4.8.v20171121.jar:/Users/jessezhao/.m2/repository/org/eclipse/jetty/jetty-servlet/9.4.8.v20171121/jetty-servlet-9.4.8.v20171121.jar:/Users/jessezhao/.m2/repository/org/eclipse/jetty/jetty-security/9.4.8.v20171121/jetty-security-9.4.8.v20171121.jar:/Users/jessezhao/.m2/repository/org/eclipse/jetty/websocket/websocket-server/9.4.8.v20171121/websocket-server-9.4.8.v20171121.jar:/Users/jessezhao/.m2/repository/org/eclipse/jetty/websocket/websocket-common/9.4.8.v20171121/websocket-common-9.4.8.v20171121.jar:/Users/jessezhao/.m2/repository/org/eclipse/jetty/websocket/websocket-client/9.4.8.v20171121/websocket-client-9.4.8.v20171121.jar:/Users/jessezhao/.m2/repository/org/eclipse/jetty/jetty-client/9.4.8.v20171121/jetty-client-9.4.8.v20171121.jar:/Users/jessezhao/.m2/repository/org/eclipse/jetty/websocket/websocket-servlet/9.4.8.v20171121/websocket-servlet-9.4.8.v20171121.jar:/Users/jessezhao/.m2/repository/org/eclipse/jetty/websocket/websocket-api/9.4.8.v20171121/websocket-api-9.4.8.v20171121.jar:/Users/jessezhao/.m2/repository/com/sparkjava/spark-template-freemarker/2.7.1/spark-template-freemarker-2.7.1.jar:/Users/jessezhao/.m2/repository/org/freemarker/freemarker/2.3.28/freemarker-2.3.28.jar:/Users/jessezhao/.m2/repository/com/google/code/gson/gson/2.8.5/gson-2.8.5.jar:/Users/jessezhao/.m2/repository/org/slf4j/slf4j-simple/1.7.25/slf4j-simple-1.7.25.jar:/Users/jessezhao/.m2/repository/org/junit/jupiter/junit-jupiter-api/5.3.0/junit-jupiter-api-5.3.0.jar:/Users/jessezhao/.m2/repository/org/apiguardian/apiguardian-api/1.0.0/apiguardian-api-1.0.0.jar:/Users/jessezhao/.m2/repository/org/opentest4j/opentest4j/1.1.0/opentest4j-1.1.0.jar:/Users/jessezhao/.m2/repository/org/junit/platform/junit-platform-commons/1.3.0/junit-platform-commons-1.3.0.jar:/Users/jessezhao/.m2/repository/org/junit/jupiter/junit-jupiter-engine/5.3.0/junit-jupiter-engine-5.3.0.jar:/Users/jessezhao/.m2/repository/org/junit/platform/junit-platform-engine/1.3.0/junit-platform-engine-1.3.0.jar:/Users/jessezhao/.m2/repository/org/mockito/mockito-core/2.22.0/mockito-core-2.22.0.jar:/Users/jessezhao/.m2/repository/net/bytebuddy/byte-buddy/1.8.21/byte-buddy-1.8.21.jar:/Users/jessezhao/.m2/repository/net/bytebuddy/byte-buddy-agent/1.8.21/byte-buddy-agent-1.8.21.jar:/Users/jessezhao/.m2/repository/org/objenesis/objenesis/2.6/objenesis-2.6.jar:"/>
    <property name="java.vm.vendor" value="Oracle Corporation"/>
    <property name="sun.arch.data.model" value="64"/>
    <property name="java.vendor.url" value="https://java.oracle.com/"/>
    <property name="os.name" value="Mac OS X"/>
    <property name="java.vm.specification.version" value="15"/>
    <property name="sun.java.launcher" value="SUN_STANDARD"/>
    <property name="user.country" value="US"/>
    <property name="sun.boot.library.path" value="/Library/Java/JavaVirtualMachines/jdk-15.0.1.jdk/Contents/Home/lib"/>
    <property name="sun.java.command" value="/Users/jessezhao/Documents/SWEN/team-project-team-2-fanta/target/surefire/surefirebooter17949246431184699639.jar /Users/jessezhao/Documents/SWEN/team-project-team-2-fanta/target/surefire 2021-07-28T18-02-55_156-jvmRun1 surefire4870570130273586730tmp surefire_07881367288581895714tmp"/>
    <property name="http.nonProxyHosts" value="local|*.local|169.254/16|*.169.254/16"/>
    <property name="jdk.debug" value="release"/>
    <property name="surefire.test.class.path" value="/Users/jessezhao/Documents/SWEN/team-project-team-2-fanta/target/test-classes:/Users/jessezhao/Documents/SWEN/team-project-team-2-fanta/target/classes:/Users/jessezhao/.m2/repository/com/sparkjava/spark-core/2.7.2/spark-core-2.7.2.jar:/Users/jessezhao/.m2/repository/org/slf4j/slf4j-api/1.7.13/slf4j-api-1.7.13.jar:/Users/jessezhao/.m2/repository/org/eclipse/jetty/jetty-server/9.4.8.v20171121/jetty-server-9.4.8.v20171121.jar:/Users/jessezhao/.m2/repository/javax/servlet/javax.servlet-api/3.1.0/javax.servlet-api-3.1.0.jar:/Users/jessezhao/.m2/repository/org/eclipse/jetty/jetty-http/9.4.8.v20171121/jetty-http-9.4.8.v20171121.jar:/Users/jessezhao/.m2/repository/org/eclipse/jetty/jetty-util/9.4.8.v20171121/jetty-util-9.4.8.v20171121.jar:/Users/jessezhao/.m2/repository/org/eclipse/jetty/jetty-io/9.4.8.v20171121/jetty-io-9.4.8.v20171121.jar:/Users/jessezhao/.m2/repository/org/eclipse/jetty/jetty-webapp/9.4.8.v20171121/jetty-webapp-9.4.8.v20171121.jar:/Users/jessezhao/.m2/repository/org/eclipse/jetty/jetty-xml/9.4.8.v20171121/jetty-xml-9.4.8.v20171121.jar:/Users/jessezhao/.m2/repository/org/eclipse/jetty/jetty-servlet/9.4.8.v20171121/jetty-servlet-9.4.8.v20171121.jar:/Users/jessezhao/.m2/repository/org/eclipse/jetty/jetty-security/9.4.8.v20171121/jetty-security-9.4.8.v20171121.jar:/Users/jessezhao/.m2/repository/org/eclipse/jetty/websocket/websocket-server/9.4.8.v20171121/websocket-server-9.4.8.v20171121.jar:/Users/jessezhao/.m2/repository/org/eclipse/jetty/websocket/websocket-common/9.4.8.v20171121/websocket-common-9.4.8.v20171121.jar:/Users/jessezhao/.m2/repository/org/eclipse/jetty/websocket/websocket-client/9.4.8.v20171121/websocket-client-9.4.8.v20171121.jar:/Users/jessezhao/.m2/repository/org/eclipse/jetty/jetty-client/9.4.8.v20171121/jetty-client-9.4.8.v20171121.jar:/Users/jessezhao/.m2/repository/org/eclipse/jetty/websocket/websocket-servlet/9.4.8.v20171121/websocket-servlet-9.4.8.v20171121.jar:/Users/jessezhao/.m2/repository/org/eclipse/jetty/websocket/websocket-api/9.4.8.v20171121/websocket-api-9.4.8.v20171121.jar:/Users/jessezhao/.m2/repository/com/sparkjava/spark-template-freemarker/2.7.1/spark-template-freemarker-2.7.1.jar:/Users/jessezhao/.m2/repository/org/freemarker/freemarker/2.3.28/freemarker-2.3.28.jar:/Users/jessezhao/.m2/repository/com/google/code/gson/gson/2.8.5/gson-2.8.5.jar:/Users/jessezhao/.m2/repository/org/slf4j/slf4j-simple/1.7.25/slf4j-simple-1.7.25.jar:/Users/jessezhao/.m2/repository/org/junit/jupiter/junit-jupiter-api/5.3.0/junit-jupiter-api-5.3.0.jar:/Users/jessezhao/.m2/repository/org/apiguardian/apiguardian-api/1.0.0/apiguardian-api-1.0.0.jar:/Users/jessezhao/.m2/repository/org/opentest4j/opentest4j/1.1.0/opentest4j-1.1.0.jar:/Users/jessezhao/.m2/repository/org/junit/platform/junit-platform-commons/1.3.0/junit-platform-commons-1.3.0.jar:/Users/jessezhao/.m2/repository/org/junit/jupiter/junit-jupiter-engine/5.3.0/junit-jupiter-engine-5.3.0.jar:/Users/jessezhao/.m2/repository/org/junit/platform/junit-platform-engine/1.3.0/junit-platform-engine-1.3.0.jar:/Users/jessezhao/.m2/repository/org/mockito/mockito-core/2.22.0/mockito-core-2.22.0.jar:/Users/jessezhao/.m2/repository/net/bytebuddy/byte-buddy/1.8.21/byte-buddy-1.8.21.jar:/Users/jessezhao/.m2/repository/net/bytebuddy/byte-buddy-agent/1.8.21/byte-buddy-agent-1.8.21.jar:/Users/jessezhao/.m2/repository/org/objenesis/objenesis/2.6/objenesis-2.6.jar:"/>
    <property name="sun.cpu.endian" value="little"/>
    <property name="user.home" value="/Users/jessezhao"/>
    <property name="user.language" value="en"/>
    <property name="java.specification.vendor" value="Oracle Corporation"/>
    <property name="java.version.date" value="2020-10-20"/>
    <property name="java.home" value="/Library/Java/JavaVirtualMachines/jdk-15.0.1.jdk/Contents/Home"/>
    <property name="file.separator" value="/"/>
    <property name="basedir" value="/Users/jessezhao/Documents/SWEN/team-project-team-2-fanta"/>
    <property name="java.vm.compressedOopsMode" value="Zero based"/>
    <property name="line.separator" value="&#10;"/>
    <property name="java.specification.name" value="Java Platform API Specification"/>
    <property name="java.vm.specification.vendor" value="Oracle Corporation"/>
    <property name="surefire.real.class.path" value="/Users/jessezhao/Documents/SWEN/team-project-team-2-fanta/target/surefire/surefirebooter17949246431184699639.jar"/>
    <property name="sun.management.compiler" value="HotSpot 64-Bit Tiered Compilers"/>
    <property name="ftp.nonProxyHosts" value="local|*.local|169.254/16|*.169.254/16"/>
    <property name="java.runtime.version" value="15.0.1+9-18"/>
    <property name="user.name" value="jessezhao"/>
    <property name="path.separator" value=":"/>
    <property name="os.version" value="10.15.7"/>
    <property name="java.runtime.name" value="Java(TM) SE Runtime Environment"/>
    <property name="file.encoding" value="UTF-8"/>
    <property name="java.vm.name" value="Java HotSpot(TM) 64-Bit Server VM"/>
    <property name="localRepository" value="/Users/jessezhao/.m2/repository"/>
    <property name="java.vendor.url.bug" value="https://bugreport.java.com/bugreport/"/>
    <property name="java.io.tmpdir" value="/var/folders/wn/p15lrcz900j3w0wbzjvgzt5m0000gn/T/"/>
    <property name="java.version" value="15.0.1"/>
    <property name="user.dir" value="/Users/jessezhao/Documents/SWEN/team-project-team-2-fanta"/>
    <property name="os.arch" value="x86_64"/>
    <property name="java.vm.specification.name" value="Java Virtual Machine Specification"/>
    <property name="java.library.path" value="/Users/jessezhao/Library/Java/Extensions:/Library/Java/Extensions:/Network/Library/Java/Extensions:/System/Library/Java/Extensions:/usr/lib/java:."/>
    <property name="java.vm.info" value="mixed mode, sharing"/>
    <property name="java.vendor" value="Oracle Corporation"/>
    <property name="java.vm.version" value="15.0.1+9-18"/>
    <property name="sun.io.unicode.encoding" value="UnicodeBig"/>
    <property name="socksNonProxyHosts" value="local|*.local|169.254/16|*.169.254/16"/>
    <property name="java.class.version" value="59.0"/>
  </properties>
  <testcase name="test_kingDemoBoard" classname="com.webcheckers.model.BoardViewDemoModeTest" time="0.012">
    <failure message="expected: com.webcheckers.model.Space@3af58f76&lt;3true&gt; but was: com.webcheckers.model.Space@2ead6ba4&lt;3true&gt;" type="org.opentest4j.AssertionFailedError"><![CDATA[org.opentest4j.AssertionFailedError: expected: com.webcheckers.model.Space@3af58f76<3true> but was: com.webcheckers.model.Space@2ead6ba4<3true>
	at com.webcheckers.model.BoardViewDemoModeTest.test_kingDemoBoard(BoardViewDemoModeTest.java:145)
]]></failure>
  </testcase>
  <testcase name="test_jumpKingDemoBoard" classname="com.webcheckers.model.BoardViewDemoModeTest" time="0.001">
    <failure message="expected: com.webcheckers.model.Space@3ddb774f&lt;1true&gt; but was: com.webcheckers.model.Space@2582b0ef&lt;1true&gt;" type="org.opentest4j.AssertionFailedError"><![CDATA[org.opentest4j.AssertionFailedError: expected: com.webcheckers.model.Space@3ddb774f<1true> but was: com.webcheckers.model.Space@2582b0ef<1true>
	at com.webcheckers.model.BoardViewDemoModeTest.test_jumpKingDemoBoard(BoardViewDemoModeTest.java:200)
]]></failure>
  </testcase>
  <testcase name="test_moveKingDemoBoard" classname="com.webcheckers.model.BoardViewDemoModeTest" time="0.001">
    <failure message="expected: com.webcheckers.model.Space@70721c12&lt;0true&gt; but was: com.webcheckers.model.Space@769bd849&lt;0true&gt;" type="org.opentest4j.AssertionFailedError"><![CDATA[org.opentest4j.AssertionFailedError: expected: com.webcheckers.model.Space@70721c12<0true> but was: com.webcheckers.model.Space@769bd849<0true>
	at com.webcheckers.model.BoardViewDemoModeTest.test_moveKingDemoBoard(BoardViewDemoModeTest.java:170)
]]></failure>
  </testcase>
  <testcase name="test_jumpDemoBoard" classname="com.webcheckers.model.BoardViewDemoModeTest" time="0.001">
    <failure message="expected: com.webcheckers.model.Space@101ca8da&lt;0true&gt; but was: com.webcheckers.model.Space@20a967fe&lt;0true&gt;" type="org.opentest4j.AssertionFailedError"><![CDATA[org.opentest4j.AssertionFailedError: expected: com.webcheckers.model.Space@101ca8da<0true> but was: com.webcheckers.model.Space@20a967fe<0true>
	at com.webcheckers.model.BoardViewDemoModeTest.test_jumpDemoBoard(BoardViewDemoModeTest.java:86)
]]></failure>
  </testcase>
  <testcase name="test_multipleJumpDemoBoard" classname="com.webcheckers.model.BoardViewDemoModeTest" time="0.001">
    <failure message="expected: com.webcheckers.model.Space@405b6d75&lt;1true&gt; but was: com.webcheckers.model.Space@682abca7&lt;1true&gt;" type="org.opentest4j.AssertionFailedError"><![CDATA[org.opentest4j.AssertionFailedError: expected: com.webcheckers.model.Space@405b6d75<1true> but was: com.webcheckers.model.Space@682abca7<1true>
	at com.webcheckers.model.BoardViewDemoModeTest.test_multipleJumpDemoBoard(BoardViewDemoModeTest.java:119)
]]></failure>
  </testcase>
  <testcase name="test_winDemoBoard" classname="com.webcheckers.model.BoardViewDemoModeTest" time="0.001">
    <failure message="expected: com.webcheckers.model.Space@1d858300&lt;1true&gt; but was: com.webcheckers.model.Space@76f881d9&lt;1true&gt;" type="org.opentest4j.AssertionFailedError"><![CDATA[org.opentest4j.AssertionFailedError: expected: com.webcheckers.model.Space@1d858300<1true> but was: com.webcheckers.model.Space@76f881d9<1true>
	at com.webcheckers.model.BoardViewDemoModeTest.test_winDemoBoard(BoardViewDemoModeTest.java:226)
]]></failure>
  </testcase>
  <testcase name="test_activeDemoMode" classname="com.webcheckers.model.BoardViewDemoModeTest" time="0"/>
  <testcase name="test_noMovesDemoBoard" classname="com.webcheckers.model.BoardViewDemoModeTest" time="0">
    <failure message="expected: com.webcheckers.model.Space@6dd36ab6&lt;1true&gt; but was: com.webcheckers.model.Space@50a13c2f&lt;1true&gt;" type="org.opentest4j.AssertionFailedError"><![CDATA[org.opentest4j.AssertionFailedError: expected: com.webcheckers.model.Space@6dd36ab6<1true> but was: com.webcheckers.model.Space@50a13c2f<1true>
	at com.webcheckers.model.BoardViewDemoModeTest.test_noMovesDemoBoard(BoardViewDemoModeTest.java:253)
]]></failure>
  </testcase>
</testsuite>